TN:
SF:config\industries.js
FN:32,normalizeIndustry
FN:35,(anonymous_1)
FNF:2
FNH:2
FNDA:30,normalizeIndustry
FNDA:302,(anonymous_1)
DA:4,1
DA:33,30
DA:34,27
DA:35,302
DA:36,27
LF:5
LH:5
BRDA:33,0,0,3
BRDA:33,0,1,27
BRDA:36,1,0,27
BRDA:36,1,1,1
BRF:4
BRH:4
end_of_record
TN:
SF:config\logger.js
FN:28,(anonymous_0)
FN:51,(anonymous_1)
FN:115,(anonymous_2)
FN:122,(anonymous_3)
FNF:4
FNH:4
FNDA:44,(anonymous_0)
FNDA:266,(anonymous_1)
FNDA:61,(anonymous_2)
FNDA:61,(anonymous_3)
DA:12,22
DA:13,22
DA:18,22
DA:28,22
DA:29,44
DA:30,44
DA:34,22
DA:41,22
DA:46,22
DA:51,266
DA:56,22
DA:65,22
DA:100,22
DA:109,22
DA:114,22
DA:117,61
DA:122,61
DA:125,22
LF:18
LH:18
BRDA:29,0,0,44
BRDA:29,0,1,0
BRDA:30,1,0,0
BRDA:30,1,1,44
BRDA:51,2,0,0
BRDA:51,2,1,266
BRDA:68,3,0,0
BRDA:68,3,1,22
BRDA:127,4,0,22
BRDA:127,4,1,0
BRF:10
BRH:5
end_of_record
TN:
SF:config\taxonomy.js
FN:15,(anonymous_0)
FN:21,(anonymous_1)
FN:27,canonicalizeTags
FN:29,(anonymous_3)
FN:39,getSynonymsFor
FN:42,(anonymous_5)
FNF:6
FNH:6
FNDA:8,(anonymous_0)
FNDA:8,(anonymous_1)
FNDA:4,canonicalizeTags
FNDA:12,(anonymous_3)
FNDA:3,getSynonymsFor
FNDA:12,(anonymous_5)
DA:4,1
DA:15,1
DA:16,8
DA:17,8
DA:21,1
DA:22,8
DA:23,12
DA:24,8
DA:28,4
DA:29,12
DA:30,4
DA:31,4
DA:32,4
DA:33,12
DA:34,12
DA:36,4
DA:40,3
DA:41,3
DA:42,12
DA:43,3
DA:44,3
LF:21
LH:21
BRDA:23,0,0,8
BRDA:23,0,1,0
BRDA:28,1,0,3
BRDA:28,1,1,1
BRDA:28,2,0,1
BRDA:28,2,1,0
BRDA:29,3,0,12
BRDA:29,3,1,0
BRDA:33,4,0,12
BRDA:33,4,1,1
BRDA:34,5,0,9
BRDA:34,5,1,3
BRDA:40,6,0,3
BRDA:40,6,1,0
BRDA:41,7,0,3
BRDA:41,7,1,1
BRDA:43,8,0,3
BRDA:43,8,1,1
BRF:18
BRH:14
end_of_record
TN:
SF:middleware\isAdmin.js
FN:21,(anonymous_0)
FNF:1
FNH:1
FNDA:29,(anonymous_0)
DA:21,16
DA:23,29
DA:24,5
DA:25,5
DA:26,5
DA:27,5
DA:30,24
DA:33,24
DA:34,1
DA:36,1
DA:37,1
DA:41,23
DA:43,23
DA:44,21
DA:48,2
DA:49,2
DA:50,1
DA:51,1
DA:52,1
DA:53,1
DA:54,1
DA:56,0
DA:59,2
DA:60,2
DA:61,2
DA:65,21
DA:66,1
DA:67,1
DA:68,1
DA:69,1
DA:73,20
DA:76,20
DA:80,20
DA:82,0
DA:83,0
DA:84,0
DA:85,0
DA:89,20
DA:90,0
DA:91,0
DA:92,0
DA:93,0
DA:94,0
DA:102,20
DA:111,20
DA:112,2
DA:113,1
DA:114,1
DA:121,19
DA:125,19
DA:126,19
DA:130,0
DA:132,0
LF:53
LH:41
BRDA:23,0,0,5
BRDA:23,0,1,24
BRDA:23,1,0,29
BRDA:23,1,1,29
BRDA:33,2,0,1
BRDA:33,2,1,23
BRDA:36,3,0,1
BRDA:36,3,1,0
BRDA:49,4,0,1
BRDA:49,4,1,1
BRDA:52,5,0,1
BRDA:52,5,1,0
BRDA:65,6,0,1
BRDA:65,6,1,20
BRDA:65,7,0,21
BRDA:65,7,1,21
BRDA:80,8,0,0
BRDA:80,8,1,20
BRDA:89,9,0,0
BRDA:89,9,1,20
BRDA:89,10,0,20
BRDA:89,10,1,0
BRDA:93,11,0,0
BRDA:93,11,1,0
BRDA:111,12,0,2
BRDA:111,12,1,18
BRDA:111,13,0,20
BRDA:111,13,1,9
BRDA:112,14,0,1
BRDA:112,14,1,1
BRF:30
BRH:23
end_of_record
TN:
SF:middleware\requireAdminClerk.js
FN:9,(anonymous_0)
FN:17,(anonymous_1)
FNF:2
FNH:1
FNDA:0,(anonymous_0)
FNDA:1,(anonymous_1)
DA:8,17
DA:10,0
DA:11,0
DA:12,0
DA:13,0
DA:15,0
DA:18,1
DA:19,1
DA:20,1
DA:22,0
DA:24,0
DA:32,0
DA:34,0
DA:35,0
DA:36,0
DA:37,0
DA:40,0
DA:41,0
DA:43,0
DA:44,0
DA:45,0
DA:46,0
DA:48,0
DA:49,0
DA:50,0
DA:53,0
DA:54,0
DA:55,0
DA:65,0
DA:66,0
DA:67,0
DA:68,0
DA:70,0
DA:71,0
LF:34
LH:4
BRDA:11,0,0,0
BRDA:11,0,1,0
BRDA:11,1,0,0
BRDA:11,1,1,0
BRDA:18,2,0,1
BRDA:18,2,1,0
BRDA:18,3,0,1
BRDA:18,3,1,1
BRDA:35,4,0,0
BRDA:35,4,1,0
BRDA:41,5,0,0
BRDA:41,5,1,0
BRDA:44,6,0,0
BRDA:44,6,1,0
BRDA:48,7,0,0
BRDA:48,7,1,0
BRDA:53,8,0,0
BRDA:53,8,1,0
BRDA:53,9,0,0
BRDA:53,9,1,0
BRDA:53,9,2,0
BRDA:54,10,0,0
BRDA:54,10,1,0
BRDA:54,10,2,0
BRDA:59,11,0,0
BRDA:59,11,1,0
BRDA:59,11,2,0
BRDA:63,12,0,0
BRDA:63,12,1,0
BRF:29
BRH:3
end_of_record
TN:
SF:middleware\validateMongoId.js
FN:29,(anonymous_0)
FN:33,(anonymous_1)
FN:33,(anonymous_2)
FNF:3
FNH:1
FNDA:7,(anonymous_0)
FNDA:0,(anonymous_1)
FNDA:0,(anonymous_2)
DA:12,17
DA:29,17
DA:30,7
DA:33,7
DA:35,7
DA:37,0
DA:45,0
DA:61,7
DA:62,7
LF:9
LH:7
BRDA:33,0,0,0
BRDA:33,0,1,0
BRDA:33,0,2,0
BRDA:35,1,0,0
BRDA:35,1,1,7
BRF:5
BRH:1
end_of_record
TN:
SF:routes\apiContact.js
FN:15,(anonymous_0)
FN:39,(anonymous_1)
FNF:2
FNH:2
FNDA:4,(anonymous_0)
FNDA:4,(anonymous_1)
DA:12,16
DA:15,16
DA:16,4
DA:17,4
DA:18,4
DA:19,4
DA:20,0
DA:21,0
DA:25,4
DA:29,16
DA:39,16
DA:40,4
DA:41,4
DA:42,2
DA:43,2
DA:54,2
DA:56,2
DA:57,2
DA:63,2
DA:64,2
DA:67,2
DA:68,2
DA:69,2
DA:70,2
DA:72,0
DA:76,2
DA:78,2
DA:79,2
DA:84,0
DA:86,2
DA:87,2
DA:88,2
DA:89,2
DA:91,2
DA:92,2
DA:94,0
DA:95,0
LF:37
LH:31
BRDA:17,0,0,4
BRDA:17,0,1,0
BRDA:18,1,0,4
BRDA:18,1,1,0
BRDA:19,2,0,0
BRDA:19,2,1,4
BRDA:19,3,0,4
BRDA:19,3,1,1
BRDA:19,3,2,1
BRDA:21,4,0,0
BRDA:21,4,1,0
BRDA:41,5,0,2
BRDA:41,5,1,2
BRDA:58,6,0,2
BRDA:58,6,1,1
BRDA:69,7,0,2
BRDA:69,7,1,1
BRDA:76,8,0,2
BRDA:76,8,1,0
BRDA:76,9,0,0
BRDA:76,9,1,2
BRDA:76,10,0,0
BRDA:76,10,1,0
BRDA:86,11,0,2
BRDA:86,11,1,0
BRDA:86,12,0,2
BRDA:86,12,1,2
BRDA:87,13,0,2
BRDA:87,13,1,0
BRDA:87,14,0,2
BRDA:87,14,1,2
BRDA:88,15,0,0
BRDA:88,15,1,2
BRDA:89,16,0,0
BRDA:89,16,1,2
BRF:35
BRH:22
end_of_record
TN:
SF:routes\apiInquiries.js
FN:18,(anonymous_0)
FNF:1
FNH:1
FNDA:2,(anonymous_0)
DA:8,16
DA:10,16
DA:18,16
DA:19,2
DA:20,2
DA:21,1
DA:23,1
DA:24,1
DA:26,1
DA:27,1
DA:30,1
DA:31,1
DA:34,1
DA:35,1
DA:38,1
DA:40,0
DA:41,0
LF:17
LH:15
BRDA:20,0,0,1
BRDA:20,0,1,1
BRDA:30,1,0,1
BRDA:30,1,1,0
BRDA:31,2,0,0
BRDA:31,2,1,1
BRDA:34,3,0,1
BRDA:34,3,1,0
BRDA:35,4,0,0
BRDA:35,4,1,1
BRF:10
BRH:6
end_of_record
TN:
SF:routes\apiPublic.js
FN:26,(anonymous_0)
FN:104,(anonymous_1)
FN:105,(anonymous_2)
FN:109,(anonymous_3)
FN:110,(anonymous_4)
FN:112,(anonymous_5)
FN:113,(anonymous_6)
FN:128,(anonymous_7)
FN:150,(anonymous_8)
FN:155,(anonymous_9)
FN:230,(anonymous_10)
FN:259,(anonymous_11)
FN:285,(anonymous_12)
FN:310,(anonymous_13)
FN:356,(anonymous_14)
FN:437,(anonymous_15)
FN:479,(anonymous_16)
FN:483,(anonymous_17)
FNF:18
FNH:5
FNDA:4,(anonymous_0)
FNDA:0,(anonymous_1)
FNDA:0,(anonymous_2)
FNDA:0,(anonymous_3)
FNDA:0,(anonymous_4)
FNDA:0,(anonymous_5)
FNDA:0,(anonymous_6)
FNDA:3,(anonymous_7)
FNDA:0,(anonymous_8)
FNDA:0,(anonymous_9)
FNDA:0,(anonymous_10)
FNDA:0,(anonymous_11)
FNDA:2,(anonymous_12)
FNDA:3,(anonymous_13)
FNDA:4,(anonymous_14)
FNDA:0,(anonymous_15)
FNDA:0,(anonymous_16)
FNDA:0,(anonymous_17)
DA:18,16
DA:26,16
DA:27,4
DA:28,4
DA:29,4
DA:30,4
DA:31,4
DA:32,4
DA:33,4
DA:35,4
DA:36,4
DA:37,4
DA:38,4
DA:40,4
DA:43,4
DA:44,4
DA:45,4
DA:49,4
DA:50,4
DA:52,4
DA:53,4
DA:55,4
DA:56,4
DA:60,4
DA:61,4
DA:63,0
DA:65,4
DA:68,4
DA:69,4
DA:70,0
DA:71,0
DA:73,0
DA:78,4
DA:79,4
DA:80,0
DA:81,0
DA:82,0
DA:83,0
DA:84,0
DA:85,0
DA:86,0
DA:87,0
DA:88,0
DA:93,0
DA:94,0
DA:95,0
DA:100,0
DA:104,4
DA:105,4
DA:107,4
DA:109,0
DA:110,0
DA:112,0
DA:113,0
DA:116,4
DA:118,0
DA:119,0
DA:128,16
DA:129,3
DA:130,3
DA:132,3
DA:135,3
DA:136,3
DA:137,0
DA:141,3
DA:142,3
DA:143,3
DA:144,0
DA:145,0
DA:150,0
DA:151,0
DA:152,0
DA:155,0
DA:156,0
DA:157,0
DA:160,0
DA:164,0
DA:168,3
DA:174,3
DA:175,0
DA:187,3
DA:188,3
DA:189,0
DA:193,3
DA:194,3
DA:196,0
DA:198,2
DA:201,2
DA:202,1
DA:203,1
DA:204,1
DA:205,1
DA:206,0
DA:210,2
DA:211,0
DA:212,0
DA:215,2
DA:216,2
DA:219,1
DA:221,1
DA:230,16
DA:231,0
DA:232,0
DA:233,0
DA:235,0
DA:252,0
DA:253,0
DA:256,0
DA:259,0
DA:261,0
DA:262,0
DA:264,0
DA:266,0
DA:277,0
DA:285,16
DA:287,2
DA:288,2
DA:289,2
DA:298,2
DA:301,0
DA:302,0
DA:307,16
DA:311,3
DA:312,3
DA:313,1
DA:315,2
DA:316,2
DA:318,2
DA:319,2
DA:320,1
DA:322,1
DA:323,1
DA:325,1
DA:326,1
DA:327,1
DA:329,0
DA:330,0
DA:332,0
DA:334,0
DA:340,16
DA:357,4
DA:358,4
DA:359,0
DA:361,4
DA:362,4
DA:363,4
DA:364,0
DA:366,4
DA:369,4
DA:371,4
DA:372,2
DA:374,2
DA:376,4
DA:377,3
DA:378,3
DA:379,3
DA:380,3
DA:381,3
DA:382,3
DA:384,1
DA:385,1
DA:386,1
DA:387,1
DA:388,1
DA:389,1
DA:390,1
DA:394,4
DA:395,4
DA:396,4
DA:397,0
DA:398,0
DA:402,0
DA:403,0
DA:404,0
DA:407,4
DA:408,4
DA:410,0
DA:413,4
DA:414,4
DA:416,0
DA:422,16
DA:438,0
DA:439,0
DA:440,0
DA:443,0
DA:444,0
DA:445,0
DA:447,0
DA:448,0
DA:449,0
DA:450,0
DA:451,0
DA:452,0
DA:453,0
DA:454,0
DA:456,0
DA:458,0
DA:471,16
DA:479,0
DA:484,0
DA:485,0
DA:486,0
DA:488,0
DA:492,0
DA:493,0
DA:496,0
DA:497,0
DA:498,0
DA:499,0
DA:502,0
DA:516,0
DA:517,0
DA:519,0
DA:522,0
DA:524,0
DA:525,0
LF:216
LH:114
BRDA:29,0,0,4
BRDA:29,0,1,3
BRDA:30,1,0,4
BRDA:30,1,1,3
BRDA:31,2,0,4
BRDA:31,2,1,3
BRDA:32,3,0,4
BRDA:32,3,1,3
BRDA:32,3,2,3
BRDA:33,4,0,4
BRDA:33,4,1,4
BRDA:33,4,2,3
BRDA:36,5,0,1
BRDA:36,5,1,3
BRDA:37,6,0,1
BRDA:37,6,1,3
BRDA:38,7,0,1
BRDA:38,7,1,3
BRDA:44,8,0,4
BRDA:44,8,1,0
BRDA:44,9,0,4
BRDA:44,9,1,4
BRDA:49,10,0,4
BRDA:49,10,1,0
BRDA:49,11,0,4
BRDA:49,11,1,4
BRDA:52,12,0,4
BRDA:52,12,1,0
BRDA:52,13,0,4
BRDA:52,13,1,4
BRDA:55,14,0,4
BRDA:55,14,1,0
BRDA:55,15,0,4
BRDA:55,15,1,4
BRDA:60,16,0,4
BRDA:60,16,1,0
BRDA:60,17,0,4
BRDA:60,17,1,4
BRDA:65,18,0,4
BRDA:65,18,1,0
BRDA:69,19,0,0
BRDA:69,19,1,4
BRDA:69,20,0,4
BRDA:69,20,1,0
BRDA:79,21,0,0
BRDA:79,21,1,4
BRDA:86,22,0,0
BRDA:86,22,1,0
BRDA:104,23,0,4
BRDA:104,23,1,0
BRDA:105,24,0,4
BRDA:105,24,1,0
BRDA:108,25,0,4
BRDA:108,25,1,0
BRDA:109,26,0,0
BRDA:109,26,1,0
BRDA:111,27,0,4
BRDA:111,27,1,0
BRDA:112,28,0,0
BRDA:112,28,1,0
BRDA:116,29,0,4
BRDA:116,29,1,0
BRDA:135,30,0,3
BRDA:135,30,1,3
BRDA:136,31,0,0
BRDA:136,31,1,3
BRDA:143,32,0,0
BRDA:143,32,1,3
BRDA:143,33,0,3
BRDA:143,33,1,0
BRDA:150,34,0,0
BRDA:150,34,1,0
BRDA:151,35,0,0
BRDA:151,35,1,0
BRDA:155,36,0,0
BRDA:155,36,1,0
BRDA:156,37,0,0
BRDA:156,37,1,0
BRDA:170,38,0,0
BRDA:170,38,1,3
BRDA:174,39,0,0
BRDA:174,39,1,3
BRDA:174,40,0,3
BRDA:174,40,1,0
BRDA:188,41,0,0
BRDA:188,41,1,3
BRDA:188,42,0,3
BRDA:188,42,1,0
BRDA:193,43,0,3
BRDA:193,43,1,0
BRDA:198,44,0,1
BRDA:198,44,1,1
BRDA:204,45,0,1
BRDA:204,45,1,1
BRDA:205,46,0,1
BRDA:205,46,1,1
BRDA:205,46,2,1
BRDA:210,47,0,0
BRDA:210,47,1,2
BRDA:233,48,0,0
BRDA:233,48,1,0
BRDA:252,49,0,0
BRDA:252,49,1,0
BRDA:259,50,0,0
BRDA:259,50,1,0
BRDA:259,51,0,0
BRDA:259,51,1,0
BRDA:261,52,0,0
BRDA:261,52,1,0
BRDA:287,53,0,2
BRDA:287,53,1,1
BRDA:312,54,0,1
BRDA:312,54,1,2
BRDA:319,55,0,1
BRDA:319,55,1,1
BRDA:325,56,0,1
BRDA:325,56,1,0
BRDA:326,57,0,1
BRDA:326,57,1,0
BRDA:330,58,0,0
BRDA:330,58,1,0
BRDA:358,59,0,0
BRDA:358,59,1,4
BRDA:361,60,0,4
BRDA:361,60,1,0
BRDA:361,60,2,0
BRDA:361,60,3,0
BRDA:363,61,0,0
BRDA:363,61,1,4
BRDA:371,62,0,2
BRDA:371,62,1,2
BRDA:371,63,0,4
BRDA:371,63,1,2
BRDA:376,64,0,3
BRDA:376,64,1,1
BRDA:378,65,0,2
BRDA:378,65,1,1
BRDA:378,66,0,3
BRDA:378,66,1,2
BRDA:379,67,0,2
BRDA:379,67,1,1
BRDA:379,68,0,3
BRDA:379,68,1,2
BRDA:380,69,0,1
BRDA:380,69,1,2
BRDA:380,70,0,3
BRDA:380,70,1,1
BRDA:381,71,0,1
BRDA:381,71,1,2
BRDA:381,72,0,3
BRDA:381,72,1,1
BRDA:386,73,0,1
BRDA:386,73,1,0
BRDA:386,74,0,1
BRDA:386,74,1,1
BRDA:387,75,0,1
BRDA:387,75,1,0
BRDA:387,76,0,1
BRDA:387,76,1,1
BRDA:388,77,0,0
BRDA:388,77,1,1
BRDA:388,78,0,1
BRDA:388,78,1,0
BRDA:389,79,0,0
BRDA:389,79,1,1
BRDA:389,80,0,1
BRDA:389,80,1,0
BRDA:395,81,0,4
BRDA:395,81,1,3
BRDA:395,82,0,4
BRDA:395,82,1,3
BRDA:396,83,0,0
BRDA:396,83,1,4
BRDA:402,84,0,0
BRDA:402,84,1,0
BRDA:402,84,2,0
BRDA:413,85,0,4
BRDA:413,85,1,0
BRDA:439,86,0,0
BRDA:439,86,1,0
BRDA:444,87,0,0
BRDA:444,87,1,0
BRDA:444,88,0,0
BRDA:444,88,1,0
BRDA:448,89,0,0
BRDA:448,89,1,0
BRDA:450,90,0,0
BRDA:450,90,1,0
BRDA:450,91,0,0
BRDA:450,91,1,0
BRDA:451,92,0,0
BRDA:451,92,1,0
BRDA:451,93,0,0
BRDA:451,93,1,0
BRDA:453,94,0,0
BRDA:453,94,1,0
BRDA:485,95,0,0
BRDA:485,95,1,0
BRDA:490,96,0,0
BRDA:491,97,0,0
BRDA:491,98,0,0
BRDA:498,99,0,0
BRDA:498,99,1,0
BRDA:511,100,0,0
BRDA:511,100,1,0
BRF:205
BRH:110
end_of_record
TN:
SF:utils\esp.js
FN:6,isMailchimpConfigured
FN:16,getMailchimpClient
FN:32,addSubscriber
FN:59,createAndSendCampaign
FN:97,sendExistingCampaignById
FN:116,getCampaignDetails
FNF:6
FNH:3
FNDA:7,isMailchimpConfigured
FNDA:3,getMailchimpClient
FNDA:5,addSubscriber
FNDA:0,createAndSendCampaign
FNDA:0,sendExistingCampaignById
FNDA:0,getCampaignDetails
DA:7,7
DA:18,3
DA:19,3
DA:20,2
DA:21,2
DA:25,2
DA:27,1
DA:28,1
DA:33,5
DA:34,4
DA:35,2
DA:36,2
DA:38,2
DA:39,2
DA:40,2
DA:41,2
DA:45,0
DA:46,0
DA:49,2
DA:50,2
DA:51,1
DA:52,1
DA:54,1
DA:55,1
DA:60,0
DA:61,0
DA:62,0
DA:64,0
DA:65,0
DA:66,0
DA:68,0
DA:78,0
DA:80,0
DA:83,0
DA:86,0
DA:87,0
DA:88,0
DA:90,0
DA:91,0
DA:98,0
DA:99,0
DA:100,0
DA:101,0
DA:103,0
DA:104,0
DA:105,0
DA:106,0
DA:107,0
DA:108,0
DA:110,0
DA:111,0
DA:117,0
DA:118,0
DA:119,0
DA:120,0
DA:122,0
DA:123,0
DA:124,0
DA:125,0
DA:126,0
DA:128,0
LF:61
LH:22
BRDA:8,0,0,7
BRDA:8,0,1,4
BRDA:8,0,2,3
BRDA:8,0,3,3
BRDA:8,0,4,3
BRDA:20,1,0,2
BRDA:20,1,1,0
BRDA:33,2,0,1
BRDA:33,2,1,4
BRDA:34,3,0,2
BRDA:34,3,1,2
BRDA:39,4,0,0
BRDA:39,4,1,2
BRDA:49,5,0,2
BRDA:49,5,1,1
BRDA:50,6,0,1
BRDA:50,6,1,1
BRDA:50,7,0,2
BRDA:50,7,1,2
BRDA:60,8,0,0
BRDA:60,8,1,0
BRDA:65,9,0,0
BRDA:65,9,1,0
BRDA:80,10,0,0
BRDA:80,10,1,0
BRDA:98,11,0,0
BRDA:98,11,1,0
BRDA:99,12,0,0
BRDA:99,12,1,0
BRDA:104,13,0,0
BRDA:104,13,1,0
BRDA:117,14,0,0
BRDA:117,14,1,0
BRDA:118,15,0,0
BRDA:118,15,1,0
BRDA:123,16,0,0
BRDA:123,16,1,0
BRF:37
BRH:17
end_of_record
TN:
SF:utils\helpers.js
FN:16,escapeHtml
FN:33,decodeHtmlEntities
FN:44,(anonymous_2)
FN:49,(anonymous_3)
FN:66,logAdminAction
FNF:5
FNH:5
FNDA:11,escapeHtml
FNDA:6,decodeHtmlEntities
FNDA:3,(anonymous_2)
FNDA:4,(anonymous_3)
FNDA:13,logAdminAction
DA:17,11
DA:18,7
DA:20,7
DA:34,6
DA:35,4
DA:37,4
DA:44,4
DA:45,3
DA:46,3
DA:49,4
DA:50,4
DA:51,4
DA:53,4
DA:67,13
DA:68,1
DA:69,1
DA:72,12
DA:73,12
DA:79,12
DA:80,7
DA:83,5
LF:21
LH:21
BRDA:17,0,0,4
BRDA:17,0,1,7
BRDA:17,1,0,11
BRDA:17,1,1,9
BRDA:34,2,0,2
BRDA:34,2,1,4
BRDA:34,3,0,6
BRDA:34,3,1,5
BRDA:46,4,0,3
BRDA:46,4,1,0
BRDA:51,5,0,4
BRDA:51,5,1,0
BRDA:66,6,0,1
BRDA:66,7,0,1
BRDA:67,8,0,1
BRDA:67,8,1,12
BRDA:67,9,0,13
BRDA:67,9,1,12
BRDA:67,9,2,12
BRF:19
BRH:17
end_of_record
TN:
SF:utils\investorClubNotifications.js
FN:6,sendViaSendGrid
FN:20,getEnv
FN:22,sendEmailNotificationForApplicant
FNF:3
FNH:0
FNDA:0,sendViaSendGrid
FNDA:0,getEnv
FNDA:0,sendEmailNotificationForApplicant
DA:7,0
DA:8,0
DA:9,0
DA:11,0
DA:12,0
DA:16,0
DA:20,0
DA:23,0
DA:24,0
DA:25,0
DA:26,0
DA:27,0
DA:29,0
DA:30,0
DA:44,0
DA:45,0
DA:47,0
DA:48,0
DA:49,0
DA:50,0
DA:51,0
DA:52,0
DA:53,0
DA:54,0
DA:55,0
DA:58,0
DA:61,0
LF:27
LH:0
BRDA:9,0,0,0
BRDA:9,0,1,0
BRDA:12,1,0,0
BRDA:12,1,1,0
BRDA:12,2,0,0
BRDA:12,2,1,0
BRDA:20,3,0,0
BRDA:20,3,1,0
BRDA:23,4,0,0
BRDA:23,4,1,0
BRDA:23,4,2,0
BRDA:25,5,0,0
BRDA:25,5,1,0
BRDA:25,6,0,0
BRDA:25,6,1,0
BRDA:34,7,0,0
BRDA:34,7,1,0
BRDA:37,8,0,0
BRDA:37,8,1,0
BRDA:38,9,0,0
BRDA:38,9,1,0
BRDA:39,10,0,0
BRDA:39,10,1,0
BRDA:40,11,0,0
BRDA:40,11,1,0
BRDA:41,12,0,0
BRDA:41,12,1,0
BRDA:42,13,0,0
BRDA:42,13,1,0
BRDA:49,14,0,0
BRDA:49,14,1,0
BRDA:51,15,0,0
BRDA:51,15,1,0
BRF:33
BRH:0
end_of_record
TN:
SF:utils\simpleMailer.js
FN:2,sendEmail
FNF:1
FNH:0
FNDA:0,sendEmail
DA:4,0
DA:5,0
DA:7,0
LF:3
LH:0
BRDA:4,0,0,0
BRDA:4,0,1,0
BRF:2
BRH:0
end_of_record
