TN:
SF:config\industries.js
FN:32,normalizeIndustry
FN:35,(anonymous_1)
FNF:2
FNH:2
FNDA:30,normalizeIndustry
FNDA:302,(anonymous_1)
DA:4,1
DA:33,30
DA:34,27
DA:35,302
DA:36,27
LF:5
LH:5
BRDA:33,0,0,3
BRDA:33,0,1,27
BRDA:36,1,0,27
BRDA:36,1,1,1
BRF:4
BRH:4
end_of_record
TN:
SF:config\logger.js
FN:25,(anonymous_0)
FN:48,(anonymous_1)
FN:112,(anonymous_2)
FN:119,(anonymous_3)
FNF:4
FNH:4
FNDA:40,(anonymous_0)
FNDA:189,(anonymous_1)
FNDA:57,(anonymous_2)
FNDA:57,(anonymous_3)
DA:4,20
DA:5,20
DA:6,20
DA:15,20
DA:25,20
DA:26,40
DA:27,40
DA:31,20
DA:38,20
DA:43,20
DA:48,189
DA:53,20
DA:62,20
DA:97,20
DA:106,20
DA:111,20
DA:114,57
DA:119,57
DA:122,20
DA:133,20
LF:20
LH:20
BRDA:26,0,0,40
BRDA:26,0,1,0
BRDA:27,1,0,0
BRDA:27,1,1,40
BRDA:48,2,0,0
BRDA:48,2,1,189
BRDA:65,3,0,0
BRDA:65,3,1,20
BRDA:124,4,0,20
BRDA:124,4,1,0
BRF:10
BRH:5
end_of_record
TN:
SF:config\taxonomy.js
FN:15,(anonymous_0)
FN:21,(anonymous_1)
FN:27,canonicalizeTags
FN:29,(anonymous_3)
FN:39,getSynonymsFor
FN:42,(anonymous_5)
FNF:6
FNH:6
FNDA:8,(anonymous_0)
FNDA:8,(anonymous_1)
FNDA:4,canonicalizeTags
FNDA:12,(anonymous_3)
FNDA:3,getSynonymsFor
FNDA:12,(anonymous_5)
DA:4,1
DA:15,1
DA:16,8
DA:17,8
DA:21,1
DA:22,8
DA:23,12
DA:24,8
DA:28,4
DA:29,12
DA:30,4
DA:31,4
DA:32,4
DA:33,12
DA:34,12
DA:36,4
DA:40,3
DA:41,3
DA:42,12
DA:43,3
DA:44,3
LF:21
LH:21
BRDA:23,0,0,8
BRDA:23,0,1,0
BRDA:28,1,0,3
BRDA:28,1,1,1
BRDA:28,2,0,1
BRDA:28,2,1,0
BRDA:29,3,0,12
BRDA:29,3,1,0
BRDA:33,4,0,12
BRDA:33,4,1,1
BRDA:34,5,0,9
BRDA:34,5,1,3
BRDA:40,6,0,3
BRDA:40,6,1,0
BRDA:41,7,0,3
BRDA:41,7,1,1
BRDA:43,8,0,3
BRDA:43,8,1,1
BRF:18
BRH:14
end_of_record
TN:
SF:middleware\isAdmin.js
FN:21,(anonymous_0)
FNF:1
FNH:1
FNDA:27,(anonymous_0)
DA:3,14
DA:4,14
DA:5,14
DA:21,14
DA:22,27
DA:25,27
DA:26,1
DA:28,1
DA:29,1
DA:33,26
DA:35,26
DA:36,24
DA:40,2
DA:41,2
DA:42,1
DA:43,1
DA:44,1
DA:45,1
DA:46,1
DA:48,0
DA:51,2
DA:52,2
DA:53,2
DA:57,24
DA:58,1
DA:59,1
DA:60,1
DA:61,1
DA:65,23
DA:68,23
DA:72,23
DA:74,0
DA:75,0
DA:76,0
DA:77,0
DA:81,23
DA:82,0
DA:83,0
DA:84,0
DA:85,0
DA:86,0
DA:94,23
DA:103,23
DA:104,2
DA:105,1
DA:106,1
DA:113,22
DA:117,22
DA:118,22
DA:122,0
DA:124,0
DA:129,14
LF:52
LH:40
BRDA:25,0,0,1
BRDA:25,0,1,26
BRDA:28,1,0,1
BRDA:28,1,1,0
BRDA:41,2,0,1
BRDA:41,2,1,1
BRDA:44,3,0,1
BRDA:44,3,1,0
BRDA:57,4,0,1
BRDA:57,4,1,23
BRDA:57,5,0,24
BRDA:57,5,1,24
BRDA:72,6,0,0
BRDA:72,6,1,23
BRDA:81,7,0,0
BRDA:81,7,1,23
BRDA:81,8,0,23
BRDA:81,8,1,0
BRDA:85,9,0,0
BRDA:85,9,1,0
BRDA:103,10,0,2
BRDA:103,10,1,21
BRDA:103,11,0,23
BRDA:103,11,1,10
BRDA:104,12,0,1
BRDA:104,12,1,1
BRF:26
BRH:19
end_of_record
TN:
SF:middleware\requireAdminClerk.js
FN:10,(anonymous_0)
FNF:1
FNH:1
FNDA:2,(anonymous_0)
DA:2,15
DA:3,15
DA:8,15
DA:11,2
DA:13,2
DA:18,2
DA:19,2
DA:20,2
DA:21,2
DA:23,2
DA:24,2
DA:25,2
DA:26,2
DA:29,0
DA:30,0
DA:31,0
DA:32,0
DA:33,0
DA:34,0
DA:35,0
DA:37,0
DA:38,0
DA:39,0
DA:42,0
DA:43,0
DA:44,0
DA:54,0
DA:55,0
DA:56,0
DA:57,0
DA:59,0
DA:60,0
DA:65,15
LF:33
LH:14
BRDA:24,0,0,2
BRDA:24,0,1,0
BRDA:30,1,0,0
BRDA:30,1,1,0
BRDA:33,2,0,0
BRDA:33,2,1,0
BRDA:37,3,0,0
BRDA:37,3,1,0
BRDA:42,4,0,0
BRDA:42,4,1,0
BRDA:42,5,0,0
BRDA:42,5,1,0
BRDA:42,5,2,0
BRDA:43,6,0,0
BRDA:43,6,1,0
BRDA:43,6,2,0
BRDA:48,7,0,0
BRDA:48,7,1,0
BRDA:48,7,2,0
BRDA:52,8,0,0
BRDA:52,8,1,0
BRF:21
BRH:1
end_of_record
TN:
SF:middleware\validateMongoId.js
FN:29,(anonymous_0)
FN:33,(anonymous_1)
FN:33,(anonymous_2)
FNF:3
FNH:1
FNDA:7,(anonymous_0)
FNDA:0,(anonymous_1)
FNDA:0,(anonymous_2)
DA:4,15
DA:5,15
DA:12,15
DA:29,15
DA:30,7
DA:33,7
DA:35,7
DA:37,0
DA:45,0
DA:61,7
DA:62,7
DA:70,15
LF:12
LH:10
BRDA:33,0,0,0
BRDA:33,0,1,0
BRDA:33,0,2,0
BRDA:35,1,0,0
BRDA:35,1,1,7
BRF:5
BRH:1
end_of_record
TN:
SF:routes\apiContact.js
FN:12,(anonymous_0)
FN:36,(anonymous_1)
FNF:2
FNH:2
FNDA:4,(anonymous_0)
FNDA:4,(anonymous_1)
DA:3,14
DA:4,14
DA:5,14
DA:6,14
DA:7,14
DA:9,14
DA:12,14
DA:13,4
DA:14,4
DA:15,4
DA:16,4
DA:17,3
DA:18,3
DA:22,4
DA:26,14
DA:36,14
DA:37,4
DA:38,4
DA:39,2
DA:40,2
DA:51,2
DA:53,2
DA:54,2
DA:60,2
DA:61,2
DA:62,2
DA:65,2
DA:67,2
DA:73,0
DA:74,0
DA:78,14
LF:31
LH:29
BRDA:14,0,0,4
BRDA:14,0,1,0
BRDA:15,1,0,4
BRDA:15,1,1,0
BRDA:16,2,0,3
BRDA:16,2,1,1
BRDA:16,3,0,4
BRDA:16,3,1,4
BRDA:16,3,2,1
BRDA:18,4,0,3
BRDA:18,4,1,0
BRDA:38,5,0,2
BRDA:38,5,1,2
BRDA:55,6,0,2
BRDA:55,6,1,1
BRF:15
BRH:12
end_of_record
TN:
SF:routes\apiInquiries.js
FN:17,(anonymous_0)
FNF:1
FNH:1
FNDA:2,(anonymous_0)
DA:1,14
DA:2,14
DA:3,14
DA:4,14
DA:5,14
DA:7,14
DA:9,14
DA:17,14
DA:18,2
DA:19,2
DA:20,1
DA:22,1
DA:23,1
DA:25,1
DA:26,1
DA:29,1
DA:30,1
DA:33,1
DA:34,1
DA:37,1
DA:39,0
DA:40,0
DA:44,14
LF:23
LH:21
BRDA:19,0,0,1
BRDA:19,0,1,1
BRDA:29,1,0,1
BRDA:29,1,1,0
BRDA:30,2,0,0
BRDA:30,2,1,1
BRDA:33,3,0,1
BRDA:33,3,1,0
BRDA:34,4,0,0
BRDA:34,4,1,1
BRF:10
BRH:6
end_of_record
TN:
SF:routes\apiPublic.js
FN:23,(anonymous_0)
FN:101,(anonymous_1)
FN:102,(anonymous_2)
FN:106,(anonymous_3)
FN:107,(anonymous_4)
FN:109,(anonymous_5)
FN:110,(anonymous_6)
FN:130,(anonymous_7)
FN:152,(anonymous_8)
FN:157,(anonymous_9)
FN:232,(anonymous_10)
FN:261,(anonymous_11)
FN:287,(anonymous_12)
FN:312,(anonymous_13)
FN:358,(anonymous_14)
FN:433,(anonymous_15)
FNF:16
FNH:5
FNDA:4,(anonymous_0)
FNDA:0,(anonymous_1)
FNDA:0,(anonymous_2)
FNDA:0,(anonymous_3)
FNDA:0,(anonymous_4)
FNDA:0,(anonymous_5)
FNDA:0,(anonymous_6)
FNDA:3,(anonymous_7)
FNDA:0,(anonymous_8)
FNDA:0,(anonymous_9)
FNDA:0,(anonymous_10)
FNDA:0,(anonymous_11)
FNDA:2,(anonymous_12)
FNDA:3,(anonymous_13)
FNDA:4,(anonymous_14)
FNDA:0,(anonymous_15)
DA:3,14
DA:4,14
DA:5,14
DA:6,14
DA:7,14
DA:8,14
DA:9,14
DA:10,14
DA:11,14
DA:12,14
DA:13,14
DA:15,14
DA:23,14
DA:24,4
DA:25,4
DA:26,4
DA:27,4
DA:28,4
DA:29,4
DA:30,4
DA:32,4
DA:33,4
DA:34,4
DA:35,4
DA:37,4
DA:40,4
DA:41,4
DA:42,4
DA:46,4
DA:47,4
DA:49,4
DA:50,4
DA:52,4
DA:53,4
DA:57,4
DA:58,4
DA:60,0
DA:62,4
DA:65,4
DA:66,4
DA:67,0
DA:68,0
DA:70,0
DA:75,4
DA:76,4
DA:77,0
DA:78,0
DA:79,0
DA:80,0
DA:81,0
DA:82,0
DA:83,0
DA:84,0
DA:85,0
DA:90,0
DA:91,0
DA:92,0
DA:97,0
DA:101,4
DA:102,4
DA:104,4
DA:106,0
DA:107,0
DA:109,0
DA:110,0
DA:113,4
DA:120,0
DA:121,0
DA:130,14
DA:131,3
DA:132,3
DA:134,3
DA:137,3
DA:138,3
DA:139,0
DA:143,3
DA:144,3
DA:145,3
DA:146,0
DA:147,0
DA:152,0
DA:153,0
DA:154,0
DA:157,0
DA:158,0
DA:159,0
DA:162,0
DA:166,0
DA:170,3
DA:176,3
DA:177,0
DA:189,3
DA:190,3
DA:191,0
DA:195,3
DA:196,3
DA:198,0
DA:200,2
DA:203,2
DA:204,1
DA:205,1
DA:206,1
DA:207,1
DA:208,0
DA:212,2
DA:213,0
DA:214,0
DA:217,2
DA:218,2
DA:221,1
DA:223,1
DA:232,14
DA:233,0
DA:234,0
DA:235,0
DA:237,0
DA:254,0
DA:255,0
DA:258,0
DA:261,0
DA:263,0
DA:264,0
DA:266,0
DA:268,0
DA:279,0
DA:287,14
DA:289,2
DA:290,2
DA:291,2
DA:300,2
DA:303,0
DA:304,0
DA:309,14
DA:313,3
DA:314,3
DA:315,1
DA:317,2
DA:318,2
DA:320,2
DA:321,2
DA:322,1
DA:324,1
DA:325,1
DA:327,1
DA:328,1
DA:329,1
DA:331,0
DA:332,0
DA:334,0
DA:336,0
DA:342,14
DA:359,4
DA:360,4
DA:361,0
DA:363,4
DA:364,4
DA:365,4
DA:366,0
DA:368,4
DA:371,4
DA:373,4
DA:374,2
DA:376,2
DA:378,4
DA:379,3
DA:380,3
DA:381,3
DA:382,3
DA:383,3
DA:384,3
DA:386,1
DA:387,1
DA:388,1
DA:389,1
DA:390,1
DA:391,1
DA:392,1
DA:396,4
DA:397,4
DA:398,4
DA:399,0
DA:400,0
DA:404,0
DA:405,0
DA:406,0
DA:409,4
DA:410,4
DA:412,0
DA:418,14
DA:434,0
DA:435,0
DA:436,0
DA:439,0
DA:440,0
DA:441,0
DA:443,0
DA:444,0
DA:445,0
DA:446,0
DA:447,0
DA:448,0
DA:449,0
DA:450,0
DA:452,0
DA:454,0
DA:460,14
LF:206
LH:123
BRDA:26,0,0,4
BRDA:26,0,1,3
BRDA:27,1,0,4
BRDA:27,1,1,3
BRDA:28,2,0,4
BRDA:28,2,1,3
BRDA:29,3,0,4
BRDA:29,3,1,3
BRDA:29,3,2,3
BRDA:30,4,0,4
BRDA:30,4,1,4
BRDA:30,4,2,3
BRDA:33,5,0,1
BRDA:33,5,1,3
BRDA:34,6,0,1
BRDA:34,6,1,3
BRDA:35,7,0,1
BRDA:35,7,1,3
BRDA:41,8,0,4
BRDA:41,8,1,0
BRDA:41,9,0,4
BRDA:41,9,1,4
BRDA:46,10,0,4
BRDA:46,10,1,0
BRDA:46,11,0,4
BRDA:46,11,1,4
BRDA:49,12,0,4
BRDA:49,12,1,0
BRDA:49,13,0,4
BRDA:49,13,1,4
BRDA:52,14,0,4
BRDA:52,14,1,0
BRDA:52,15,0,4
BRDA:52,15,1,4
BRDA:57,16,0,4
BRDA:57,16,1,0
BRDA:57,17,0,4
BRDA:57,17,1,4
BRDA:62,18,0,4
BRDA:62,18,1,0
BRDA:66,19,0,0
BRDA:66,19,1,4
BRDA:66,20,0,4
BRDA:66,20,1,0
BRDA:76,21,0,0
BRDA:76,21,1,4
BRDA:83,22,0,0
BRDA:83,22,1,0
BRDA:101,23,0,4
BRDA:101,23,1,0
BRDA:102,24,0,4
BRDA:102,24,1,0
BRDA:105,25,0,4
BRDA:105,25,1,0
BRDA:106,26,0,0
BRDA:106,26,1,0
BRDA:108,27,0,4
BRDA:108,27,1,0
BRDA:109,28,0,0
BRDA:109,28,1,0
BRDA:116,29,0,4
BRDA:116,29,1,0
BRDA:137,30,0,3
BRDA:137,30,1,3
BRDA:138,31,0,0
BRDA:138,31,1,3
BRDA:145,32,0,0
BRDA:145,32,1,3
BRDA:145,33,0,3
BRDA:145,33,1,0
BRDA:152,34,0,0
BRDA:152,34,1,0
BRDA:153,35,0,0
BRDA:153,35,1,0
BRDA:157,36,0,0
BRDA:157,36,1,0
BRDA:158,37,0,0
BRDA:158,37,1,0
BRDA:172,38,0,0
BRDA:172,38,1,3
BRDA:176,39,0,0
BRDA:176,39,1,3
BRDA:176,40,0,3
BRDA:176,40,1,0
BRDA:190,41,0,0
BRDA:190,41,1,3
BRDA:190,42,0,3
BRDA:190,42,1,0
BRDA:195,43,0,3
BRDA:195,43,1,0
BRDA:200,44,0,1
BRDA:200,44,1,1
BRDA:206,45,0,1
BRDA:206,45,1,1
BRDA:207,46,0,1
BRDA:207,46,1,1
BRDA:207,46,2,1
BRDA:212,47,0,0
BRDA:212,47,1,2
BRDA:235,48,0,0
BRDA:235,48,1,0
BRDA:254,49,0,0
BRDA:254,49,1,0
BRDA:261,50,0,0
BRDA:261,50,1,0
BRDA:261,51,0,0
BRDA:261,51,1,0
BRDA:263,52,0,0
BRDA:263,52,1,0
BRDA:289,53,0,2
BRDA:289,53,1,1
BRDA:314,54,0,1
BRDA:314,54,1,2
BRDA:321,55,0,1
BRDA:321,55,1,1
BRDA:327,56,0,1
BRDA:327,56,1,0
BRDA:328,57,0,1
BRDA:328,57,1,0
BRDA:332,58,0,0
BRDA:332,58,1,0
BRDA:360,59,0,0
BRDA:360,59,1,4
BRDA:363,60,0,4
BRDA:363,60,1,0
BRDA:363,60,2,0
BRDA:363,60,3,0
BRDA:365,61,0,0
BRDA:365,61,1,4
BRDA:373,62,0,2
BRDA:373,62,1,2
BRDA:373,63,0,4
BRDA:373,63,1,2
BRDA:378,64,0,3
BRDA:378,64,1,1
BRDA:380,65,0,2
BRDA:380,65,1,1
BRDA:380,66,0,3
BRDA:380,66,1,2
BRDA:381,67,0,2
BRDA:381,67,1,1
BRDA:381,68,0,3
BRDA:381,68,1,2
BRDA:382,69,0,1
BRDA:382,69,1,2
BRDA:382,70,0,3
BRDA:382,70,1,1
BRDA:383,71,0,1
BRDA:383,71,1,2
BRDA:383,72,0,3
BRDA:383,72,1,1
BRDA:388,73,0,1
BRDA:388,73,1,0
BRDA:388,74,0,1
BRDA:388,74,1,1
BRDA:389,75,0,1
BRDA:389,75,1,0
BRDA:389,76,0,1
BRDA:389,76,1,1
BRDA:390,77,0,0
BRDA:390,77,1,1
BRDA:390,78,0,1
BRDA:390,78,1,0
BRDA:391,79,0,0
BRDA:391,79,1,1
BRDA:391,80,0,1
BRDA:391,80,1,0
BRDA:397,81,0,4
BRDA:397,81,1,3
BRDA:397,82,0,4
BRDA:397,82,1,3
BRDA:398,83,0,0
BRDA:398,83,1,4
BRDA:404,84,0,0
BRDA:404,84,1,0
BRDA:404,84,2,0
BRDA:409,85,0,4
BRDA:409,85,1,0
BRDA:435,86,0,0
BRDA:435,86,1,0
BRDA:440,87,0,0
BRDA:440,87,1,0
BRDA:440,88,0,0
BRDA:440,88,1,0
BRDA:444,89,0,0
BRDA:444,89,1,0
BRDA:446,90,0,0
BRDA:446,90,1,0
BRDA:446,91,0,0
BRDA:446,91,1,0
BRDA:447,92,0,0
BRDA:447,92,1,0
BRDA:447,93,0,0
BRDA:447,93,1,0
BRDA:449,94,0,0
BRDA:449,94,1,0
BRF:196
BRH:110
end_of_record
TN:
SF:utils\esp.js
FN:6,isMailchimpConfigured
FN:16,getMailchimpClient
FN:32,addSubscriber
FN:59,createAndSendCampaign
FN:97,sendExistingCampaignById
FN:116,getCampaignDetails
FNF:6
FNH:3
FNDA:7,isMailchimpConfigured
FNDA:3,getMailchimpClient
FNDA:5,addSubscriber
FNDA:0,createAndSendCampaign
FNDA:0,sendExistingCampaignById
FNDA:0,getCampaignDetails
DA:4,15
DA:7,7
DA:18,3
DA:19,3
DA:20,3
DA:21,3
DA:25,3
DA:27,0
DA:28,0
DA:33,5
DA:34,4
DA:35,2
DA:36,2
DA:38,2
DA:39,2
DA:40,2
DA:41,2
DA:45,0
DA:46,0
DA:49,2
DA:50,2
DA:51,0
DA:52,0
DA:54,2
DA:55,2
DA:60,0
DA:61,0
DA:62,0
DA:64,0
DA:65,0
DA:66,0
DA:68,0
DA:78,0
DA:80,0
DA:83,0
DA:86,0
DA:87,0
DA:88,0
DA:90,0
DA:91,0
DA:98,0
DA:99,0
DA:100,0
DA:101,0
DA:103,0
DA:104,0
DA:105,0
DA:106,0
DA:107,0
DA:108,0
DA:110,0
DA:111,0
DA:117,0
DA:118,0
DA:119,0
DA:120,0
DA:122,0
DA:123,0
DA:124,0
DA:125,0
DA:126,0
DA:128,0
DA:132,15
LF:63
LH:20
BRDA:8,0,0,7
BRDA:8,0,1,4
BRDA:8,0,2,3
BRDA:8,0,3,3
BRDA:8,0,4,3
BRDA:20,1,0,3
BRDA:20,1,1,0
BRDA:33,2,0,1
BRDA:33,2,1,4
BRDA:34,3,0,2
BRDA:34,3,1,2
BRDA:39,4,0,0
BRDA:39,4,1,2
BRDA:49,5,0,2
BRDA:49,5,1,2
BRDA:50,6,0,0
BRDA:50,6,1,2
BRDA:50,7,0,2
BRDA:50,7,1,2
BRDA:60,8,0,0
BRDA:60,8,1,0
BRDA:65,9,0,0
BRDA:65,9,1,0
BRDA:80,10,0,0
BRDA:80,10,1,0
BRDA:98,11,0,0
BRDA:98,11,1,0
BRDA:99,12,0,0
BRDA:99,12,1,0
BRDA:104,13,0,0
BRDA:104,13,1,0
BRDA:117,14,0,0
BRDA:117,14,1,0
BRDA:118,15,0,0
BRDA:118,15,1,0
BRDA:123,16,0,0
BRDA:123,16,1,0
BRF:37
BRH:16
end_of_record
TN:
SF:utils\helpers.js
FN:16,escapeHtml
FN:33,decodeHtmlEntities
FN:44,(anonymous_2)
FN:49,(anonymous_3)
FN:66,logAdminAction
FNF:5
FNH:5
FNDA:11,escapeHtml
FNDA:6,decodeHtmlEntities
FNDA:3,(anonymous_2)
FNDA:4,(anonymous_3)
FNDA:11,logAdminAction
DA:3,16
DA:4,16
DA:17,11
DA:18,7
DA:20,7
DA:34,6
DA:35,4
DA:37,4
DA:44,4
DA:45,3
DA:46,3
DA:49,4
DA:50,4
DA:51,4
DA:53,4
DA:67,11
DA:68,1
DA:69,1
DA:72,10
DA:73,10
DA:79,10
DA:80,10
DA:83,0
DA:91,16
LF:24
LH:23
BRDA:17,0,0,4
BRDA:17,0,1,7
BRDA:17,1,0,11
BRDA:17,1,1,9
BRDA:34,2,0,2
BRDA:34,2,1,4
BRDA:34,3,0,6
BRDA:34,3,1,5
BRDA:46,4,0,3
BRDA:46,4,1,0
BRDA:51,5,0,4
BRDA:51,5,1,0
BRDA:66,6,0,1
BRDA:66,7,0,1
BRDA:67,8,0,1
BRDA:67,8,1,10
BRDA:67,9,0,11
BRDA:67,9,1,10
BRDA:67,9,2,10
BRF:19
BRH:17
end_of_record
